Using pre-set license
Built from '2021.1/staging' branch; Version is '2021.1.12f1 (afcadd793de6) revision 11520733'; Using compiler version '192528614'; Build Type 'Release'
OS: 'Windows 10 Pro; OS build 19043.1165; Version 2009; 64bit' Language: 'en' Physical Memory: 7959 MB
BatchMode: 1, IsHumanControllingUs: 0, StartBugReporterOnCrash: 0, Is64bit: 1, IsPro: 0

 COMMAND LINE ARGUMENTS:
C:\Program Files\Unity\Hub\Editor\2021.1.12f1\Editor\Unity.exe
-adb2
-batchMode
-noUpm
-name
AssetImportWorker0
-projectPath
C:/Users/Intern/Desktop/FPV Drone Controller
-logFile
Logs/AssetImportWorker0.log
-srvPort
56766
Successfully changed project path to: C:/Users/Intern/Desktop/FPV Drone Controller
C:/Users/Intern/Desktop/FPV Drone Controller
Using Asset Import Pipeline V2.
Refreshing native plugins compatible for Editor in 73.52 ms, found 3 plugins.
Preloading 0 native plugins for Editor in 0.00 ms.
Initialize engine version: 2021.1.12f1 (afcadd793de6)
[Subsystems] Discovering subsystems at path C:/Program Files/Unity/Hub/Editor/2021.1.12f1/Editor/Data/Resources/UnitySubsystems
[Subsystems] Discovering subsystems at path C:/Users/Intern/Desktop/FPV Drone Controller/Assets
GfxDevice: creating device client; threaded=0; jobified=0
Direct3D:
    Version:  Direct3D 11.0 [level 11.1]
    Renderer: NVIDIA GeForce MX230 (ID=0x1d11)
    Vendor:   NVIDIA
    VRAM:     4028 MB
    Driver:   30.0.14.7141
Initialize mono
Mono path[0] = 'C:/Program Files/Unity/Hub/Editor/2021.1.12f1/Editor/Data/Managed'
Mono path[1] = 'C:/Program Files/Unity/Hub/Editor/2021.1.12f1/Editor/Data/MonoBleedingEdge/lib/mono/unityjit'
Mono config path = 'C:/Program Files/Unity/Hub/Editor/2021.1.12f1/Editor/Data/MonoBleedingEdge/etc'
Using monoOptions --debugger-agent=transport=dt_socket,embedding=1,server=y,suspend=n,address=127.0.0.1:56684
Begin MonoManager ReloadAssembly
Registering precompiled unity dll's ...
Register platform support module: C:/Program Files/Unity/Hub/Editor/2021.1.12f1/Editor/Data/PlaybackEngines/WebGLSupport/UnityEditor.WebGL.Extensions.dll
Register platform support module: C:/Program Files/Unity/Hub/Editor/2021.1.12f1/Editor/Data/PlaybackEngines/MacStandaloneSupport/UnityEditor.OSXStandalone.Extensions.dll
Register platform support module: C:/Program Files/Unity/Hub/Editor/2021.1.12f1/Editor/Data/PlaybackEngines/WindowsStandaloneSupport/UnityEditor.WindowsStandalone.Extensions.dll
Registered in 0.002368 seconds.
Native extension for WindowsStandalone target not found
Native extension for OSXStandalone target not found
Native extension for WebGL target not found
Refreshing native plugins compatible for Editor in 83.09 ms, found 3 plugins.
Preloading 0 native plugins for Editor in 0.00 ms.
Mono: successfully reloaded assembly
- Completed reload, in  1.645 seconds
Domain Reload Profiling:
	ReloadAssembly (1645ms)
		BeginReloadAssembly (47ms)
			ExecutionOrderSort (0ms)
			DisableScriptedObjects (0ms)
			BackupInstance (0ms)
			ReleaseScriptingObjects (0ms)
			CreateAndSetChildDomain (1ms)
		EndReloadAssembly (453ms)
			LoadAssemblies (46ms)
			RebuildTransferFunctionScriptingTraits (0ms)
			SetupTypeCache (154ms)
			ReleaseScriptCaches (0ms)
			RebuildScriptCaches (32ms)
			SetupLoadedEditorAssemblies (220ms)
				LogAssemblyErrors (0ms)
				InitializePlatformSupportModulesInManaged (8ms)
				SetLoadedEditorAssemblies (0ms)
				RefreshPlugins (83ms)
				BeforeProcessingInitializeOnLoad (1ms)
				ProcessInitializeOnLoadAttributes (99ms)
				ProcessInitializeOnLoadMethodAttributes (28ms)
				AfterProcessingInitializeOnLoad (0ms)
				EditorAssembliesLoaded (0ms)
			ExecutionOrderSort2 (0ms)
			AwakeInstancesAfterBackupRestoration (0ms)
Platform modules already initialized, skipping
Registering precompiled user dll's ...
Registered in 0.003807 seconds.
Begin MonoManager ReloadAssembly
Symbol file LoadedFromMemory doesn't match image C:\Users\Intern\Desktop\FPV Drone Controller\Library\PackageCache\com.unity.visualscripting@1.6.1\Editor\VisualScripting.Core\Dependencies\YamlDotNet\Unity.VisualScripting.YamlDotNet.dll
Symbol file LoadedFromMemory doesn't match image C:\Users\Intern\Desktop\FPV Drone Controller\Library\PackageCache\com.unity.visualscripting@1.6.1\Editor\VisualScripting.Core\Dependencies\DotNetZip\Unity.VisualScripting.IonicZip.dll
Native extension for WindowsStandalone target not found
Native extension for OSXStandalone target not found
Native extension for WebGL target not found
Refreshing native plugins compatible for Editor in 0.51 ms, found 3 plugins.
Preloading 0 native plugins for Editor in 0.00 ms.
Mono: successfully reloaded assembly
- Completed reload, in  1.016 seconds
Domain Reload Profiling:
	ReloadAssembly (1017ms)
		BeginReloadAssembly (135ms)
			ExecutionOrderSort (0ms)
			DisableScriptedObjects (6ms)
			BackupInstance (0ms)
			ReleaseScriptingObjects (0ms)
			CreateAndSetChildDomain (18ms)
		EndReloadAssembly (829ms)
			LoadAssemblies (81ms)
			RebuildTransferFunctionScriptingTraits (0ms)
			SetupTypeCache (300ms)
			ReleaseScriptCaches (1ms)
			RebuildScriptCaches (52ms)
			SetupLoadedEditorAssemblies (304ms)
				LogAssemblyErrors (0ms)
				InitializePlatformSupportModulesInManaged (6ms)
				SetLoadedEditorAssemblies (0ms)
				RefreshPlugins (1ms)
				BeforeProcessingInitializeOnLoad (68ms)
				ProcessInitializeOnLoadAttributes (220ms)
				ProcessInitializeOnLoadMethodAttributes (4ms)
				AfterProcessingInitializeOnLoad (5ms)
				EditorAssembliesLoaded (0ms)
			ExecutionOrderSort2 (0ms)
			AwakeInstancesAfterBackupRestoration (6ms)
Platform modules already initialized, skipping
========================================================================
Worker process is ready to serve import requests
Launched and connected shader compiler UnityShaderCompiler.exe after 0.04 seconds
Refreshing native plugins compatible for Editor in 0.72 ms, found 3 plugins.
Preloading 0 native plugins for Editor in 0.00 ms.
Unloading 2973 Unused Serialized files (Serialized files now loaded: 0)
System memory in use before: 106.6 MB.
System memory in use after: 106.7 MB.

Unloading 23 unused Assets to reduce memory usage. Loaded Objects now: 3417.
Total: 3.267500 ms (FindLiveObjects: 0.247900 ms CreateObjectMapping: 0.100900 ms MarkObjects: 2.820600 ms  DeleteObjects: 0.096300 ms)

AssetImportParameters requested are different than current active one (requested -> active):
  custom:framework-win-MediaFoundation: 216162199b28c13a410421893ffa2e32 -> 
  custom:video-decoder-ogg-theora: a1e56fd34408186e4bbccfd4996cb3dc -> 
  custom:container-muxer-webm: aa71ff27fc2769a1b78a27578f13a17b -> 
  custom:container-demuxer-webm: 4f35f7cbe854078d1ac9338744f61a02 -> 
  custom:container-demuxer-ogg: 62fdf1f143b41e24485cea50d1cbac27 -> 
  custom:video-encoder-webm-vp8: eb34c28f22e8b96e1ab97ce403110664 -> 
  custom:video-decoder-webm-vp8: 9c59270c3fd7afecdb556c50c9e8de78 -> 
  custom:audio-decoder-ogg-vorbis: bf7c407c2cedff20999df2af8eb42d56 -> 
  custom:audio-encoder-webm-vorbis: bf7c407c2cedff20999df2af8eb42d56 -> 
========================================================================
Received Import Request.
  path: Assets/Drones
  artifactKey: Guid(4b3ff40bf2162a140ad1f2a13cfd492d) Importer(815301076,1909f56bfc062723c751e8b465ee728b)
Start importing Assets/Drones using Guid(4b3ff40bf2162a140ad1f2a13cfd492d) Importer(815301076,1909f56bfc062723c751e8b465ee728b)  -> (artifact id: '9ea9ef707c09e09cdf56183badd81d0f') in 0.011535 seconds 
========================================================================
Received Import Request.
  Time since last request: 0.000791 seconds.
  path: Assets/Drones/Course Assets
  artifactKey: Guid(416a55959c868434b9dab821cc16d117) Importer(815301076,1909f56bfc062723c751e8b465ee728b)
Start importing Assets/Drones/Course Assets using Guid(416a55959c868434b9dab821cc16d117) Importer(815301076,1909f56bfc062723c751e8b465ee728b)  -> (artifact id: '8d8bc9d79fb08cff2c7fc0510196c4fc') in 0.006062 seconds 
========================================================================
Received Import Request.
  Time since last request: 4.653084 seconds.
  path: Assets/Drones/Course Assets/Models
  artifactKey: Guid(7df3903f65184ed40a689f3357129057) Importer(815301076,1909f56bfc062723c751e8b465ee728b)
Start importing Assets/Drones/Course Assets/Models using Guid(7df3903f65184ed40a689f3357129057) Importer(815301076,1909f56bfc062723c751e8b465ee728b)  -> (artifact id: '41f800967a8d8a48c569f8ab32426ace') in 0.015950 seconds 
========================================================================
Received Import Request.
  Time since last request: 1.747200 seconds.
  path: Assets/Drones/Course Assets/Models/180_Arch
  artifactKey: Guid(4ec654e4b72a6704e978d30e18ace459) Importer(815301076,1909f56bfc062723c751e8b465ee728b)
Start importing Assets/Drones/Course Assets/Models/180_Arch using Guid(4ec654e4b72a6704e978d30e18ace459) Importer(815301076,1909f56bfc062723c751e8b465ee728b)  -> (artifact id: '2bacced6adb93eb5f9386b5b16a00c72') in 0.007268 seconds 
========================================================================
Received Import Request.
  Time since last request: 1.504591 seconds.
  path: Assets/Drones/Course Assets/Models/180_Arch/180_Arch.prefab
  artifactKey: Guid(9b8f391413d8b0a4fbfd836691b385b8) Importer(815301076,1909f56bfc062723c751e8b465ee728b)
Start importing Assets/Drones/Course Assets/Models/180_Arch/180_Arch.prefab using Guid(9b8f391413d8b0a4fbfd836691b385b8) Importer(815301076,1909f56bfc062723c751e8b465ee728b)  -> (artifact id: '972f9fa03662d871cdaba9080acf3295') in 0.293840 seconds 
========================================================================
Received Import Request.
  Time since last request: 3.877730 seconds.
  path: Assets/Drones/Course Assets/Models/180_Arch/pb_Mesh-1964466.asset
  artifactKey: Guid(c67907665ce7f074db12a926cfaa9149) Importer(815301076,1909f56bfc062723c751e8b465ee728b)
Start importing Assets/Drones/Course Assets/Models/180_Arch/pb_Mesh-1964466.asset using Guid(c67907665ce7f074db12a926cfaa9149) Importer(815301076,1909f56bfc062723c751e8b465ee728b)  -> (artifact id: '91beb790c081f0016474f53e4cdbd203') in 0.154628 seconds 
========================================================================
Received Import Request.
  Time since last request: 4.281154 seconds.
  path: Assets/Drones/Course Assets/Models/45_Arch/45_Arch.prefab
  artifactKey: Guid(56e643ad1de89b04fbddff4a22519ffb) Importer(815301076,1909f56bfc062723c751e8b465ee728b)
Start importing Assets/Drones/Course Assets/Models/45_Arch/45_Arch.prefab using Guid(56e643ad1de89b04fbddff4a22519ffb) Importer(815301076,1909f56bfc062723c751e8b465ee728b)  -> (artifact id: 'bf609dc7b2e3aa3ca620da1b4c1759e1') in 0.098816 seconds 
========================================================================
Received Import Request.
  Time since last request: 14.474249 seconds.
  path: Assets/Drones/DroneController2.0/Models/Drone_racing/RacingDrone.FBX
  artifactKey: Guid(429acf98409e932458b8c0fec59b0710) Importer(815301076,1909f56bfc062723c751e8b465ee728b)
Start importing Assets/Drones/DroneController2.0/Models/Drone_racing/RacingDrone.FBX using Guid(429acf98409e932458b8c0fec59b0710) Importer(815301076,1909f56bfc062723c751e8b465ee728b)  -> (artifact id: 'ada3b941e3b8a9c9d038ee08764d987c') in 0.451007 seconds 
========================================================================
Received Import Request.
  Time since last request: 5.810415 seconds.
  path: Assets/Drones/DroneController2.0/Models/Drone_racing/Materials
  artifactKey: Guid(19880aef0bb1cc642b8b7e9b1c4e3792) Importer(815301076,1909f56bfc062723c751e8b465ee728b)
Start importing Assets/Drones/DroneController2.0/Models/Drone_racing/Materials using Guid(19880aef0bb1cc642b8b7e9b1c4e3792) Importer(815301076,1909f56bfc062723c751e8b465ee728b)  -> (artifact id: '3ca50d7aaea308978125d76f492e3091') in 0.008389 seconds 
========================================================================
Received Import Request.
  Time since last request: 1.426175 seconds.
  path: Assets/Drones/DroneController2.0/Models/Drone_racing/Images
  artifactKey: Guid(a498ee7ada890df438605895ec32f2f5) Importer(815301076,1909f56bfc062723c751e8b465ee728b)
Start importing Assets/Drones/DroneController2.0/Models/Drone_racing/Images using Guid(a498ee7ada890df438605895ec32f2f5) Importer(815301076,1909f56bfc062723c751e8b465ee728b)  -> (artifact id: 'c1c1cd5d751988efdefbe44c4982aabf') in 0.008371 seconds 
========================================================================
Received Import Request.
  Time since last request: 10.253305 seconds.
  path: Assets/Drones/DroneController2.0/Models/Drone_racing/Images/emissive_MetallicSmoothness.png
  artifactKey: Guid(8f9ff845f2060784fb85cfe3e9909978) Importer(815301076,1909f56bfc062723c751e8b465ee728b)
Start importing Assets/Drones/DroneController2.0/Models/Drone_racing/Images/emissive_MetallicSmoothness.png using Guid(8f9ff845f2060784fb85cfe3e9909978) Importer(815301076,1909f56bfc062723c751e8b465ee728b)  -> (artifact id: 'f1dd158eefffe416c0ee1f09c0854750') in 0.050160 seconds 
========================================================================
Received Import Request.
  Time since last request: 0.558873 seconds.
  path: Assets/Drones/DroneController2.0/Models/Drone_racing/Images/RD_AO.png
  artifactKey: Guid(f5ec163f177b5a14e8041a95c527f43b) Importer(815301076,1909f56bfc062723c751e8b465ee728b)
Start importing Assets/Drones/DroneController2.0/Models/Drone_racing/Images/RD_AO.png using Guid(f5ec163f177b5a14e8041a95c527f43b) Importer(815301076,1909f56bfc062723c751e8b465ee728b)  -> (artifact id: 'df90c50b5b1ee659fa902b5a62f3e580') in 0.025031 seconds 
========================================================================
Received Import Request.
  Time since last request: 2.448507 seconds.
  path: Assets/Drones/DroneController2.0/Models/Drone_nimble/Drone
  artifactKey: Guid(af0e1e6397f6a1545af9761810233a97) Importer(815301076,1909f56bfc062723c751e8b465ee728b)
Start importing Assets/Drones/DroneController2.0/Models/Drone_nimble/Drone using Guid(af0e1e6397f6a1545af9761810233a97) Importer(815301076,1909f56bfc062723c751e8b465ee728b)  -> (artifact id: 'b3bbe351952e434a3f86e4e6cf58eefd') in 0.007813 seconds 
========================================================================
Received Import Request.
  Time since last request: 2.640973 seconds.
  path: Assets/Drones/DroneController2.0/Models/Drone_nimble/Drone/drone_reflection.png
  artifactKey: Guid(8aea966e3b8540e48a7eacc38a5d056b) Importer(815301076,1909f56bfc062723c751e8b465ee728b)
Start importing Assets/Drones/DroneController2.0/Models/Drone_nimble/Drone/drone_reflection.png using Guid(8aea966e3b8540e48a7eacc38a5d056b) Importer(815301076,1909f56bfc062723c751e8b465ee728b)  -> (artifact id: '714396cbc84163621704705210f753bd') in 0.028092 seconds 
========================================================================
Received Import Request.
  Time since last request: 0.723140 seconds.
  path: Assets/Drones/DroneController2.0/Models/Drone_nimble/Drone/drone_albedo.png
  artifactKey: Guid(02baa3dc5aad21a4a9bc323133c88537) Importer(815301076,1909f56bfc062723c751e8b465ee728b)
Start importing Assets/Drones/DroneController2.0/Models/Drone_nimble/Drone/drone_albedo.png using Guid(02baa3dc5aad21a4a9bc323133c88537) Importer(815301076,1909f56bfc062723c751e8b465ee728b)  -> (artifact id: '84d72b06c0150702f373f24d45c14dc6') in 0.028464 seconds 
========================================================================
Received Import Request.
  Time since last request: 2.184818 seconds.
  path: Assets/Drones/DroneController2.0/Models/Drone_nimble/Drone/drone.FBX
  artifactKey: Guid(c8884ce9692b7224a8a538b54194fbd1) Importer(815301076,1909f56bfc062723c751e8b465ee728b)
Start importing Assets/Drones/DroneController2.0/Models/Drone_nimble/Drone/drone.FBX using Guid(c8884ce9692b7224a8a538b54194fbd1) Importer(815301076,1909f56bfc062723c751e8b465ee728b)  -> (artifact id: '8b1304b4943f7a661d5b364861e165cb') in 0.042682 seconds 
========================================================================
Received Import Request.
  Time since last request: 9.852485 seconds.
  path: Assets/Drones/RacingFolder/Documentation.rtf
  artifactKey: Guid(0836952010795674ca7a7e2271ba8a6e) Importer(815301076,1909f56bfc062723c751e8b465ee728b)
Start importing Assets/Drones/RacingFolder/Documentation.rtf using Guid(0836952010795674ca7a7e2271ba8a6e) Importer(815301076,1909f56bfc062723c751e8b465ee728b)  -> (artifact id: 'a0273a321f3973d0ba8af0570823472b') in 0.030562 seconds 
========================================================================
Received Import Request.
  Time since last request: 36.585287 seconds.
  path: Assets/Drones/RacingFolder/Prefabs/TrackManager.prefab
  artifactKey: Guid(01903a3f395930c4ea26bde1bd010837) Importer(815301076,1909f56bfc062723c751e8b465ee728b)
Start importing Assets/Drones/RacingFolder/Prefabs/TrackManager.prefab using Guid(01903a3f395930c4ea26bde1bd010837) Importer(815301076,1909f56bfc062723c751e8b465ee728b)  -> (artifact id: 'b197a3a919ba44601b19f10ec343640f') in 0.009802 seconds 
========================================================================
Received Import Request.
  Time since last request: 5.950726 seconds.
  path: Assets/Drones/RacingFolder/Prefabs/TrackManager_UI.prefab
  artifactKey: Guid(53143f2272023e242a2c2db76c4d4c6b) Importer(815301076,1909f56bfc062723c751e8b465ee728b)
Start importing Assets/Drones/RacingFolder/Prefabs/TrackManager_UI.prefab using Guid(53143f2272023e242a2c2db76c4d4c6b) Importer(815301076,1909f56bfc062723c751e8b465ee728b)  -> (artifact id: '0c2fa1973e15aac6ae7a4cb0ae0bbf64') in 0.020244 seconds 
========================================================================
Received Import Request.
  Time since last request: 3.438252 seconds.
  path: Assets/Drones/RacingFolder/Prefabs/Point.prefab
  artifactKey: Guid(cfae7e23f25c0cc4aa62ce79b24d4d3c) Importer(815301076,1909f56bfc062723c751e8b465ee728b)
Start importing Assets/Drones/RacingFolder/Prefabs/Point.prefab using Guid(cfae7e23f25c0cc4aa62ce79b24d4d3c) Importer(815301076,1909f56bfc062723c751e8b465ee728b)  -> (artifact id: 'b4636a5366e9a5d28758e4618f8dfe18') in 0.029655 seconds 
========================================================================
Received Import Request.
  Time since last request: 11.658105 seconds.
  path: Assets/Drones/Course Assets/Textures
  artifactKey: Guid(b50f253a2a794a04b9b62123f516001b) Importer(815301076,1909f56bfc062723c751e8b465ee728b)
Start importing Assets/Drones/Course Assets/Textures using Guid(b50f253a2a794a04b9b62123f516001b) Importer(815301076,1909f56bfc062723c751e8b465ee728b)  -> (artifact id: 'b21867c66d20a2d9bb846d77143aec33') in 0.008557 seconds 
========================================================================
Received Import Request.
  Time since last request: 1.243599 seconds.
  path: Assets/Drones/Course Assets/Textures/Default_props.png
  artifactKey: Guid(5fe0be2fe9cd79c4ba305f5e7f4d0d3b) Importer(815301076,1909f56bfc062723c751e8b465ee728b)
Start importing Assets/Drones/Course Assets/Textures/Default_props.png using Guid(5fe0be2fe9cd79c4ba305f5e7f4d0d3b) Importer(815301076,1909f56bfc062723c751e8b465ee728b)  -> (artifact id: '7ef472d58af6b7b02966191119629592') in 0.026851 seconds 
========================================================================
Received Import Request.
  Time since last request: 5.117765 seconds.
  path: Assets/Drones/Course Assets/Models/DroneStand
  artifactKey: Guid(179ed9916730a2e48af050b1ff95954c) Importer(815301076,1909f56bfc062723c751e8b465ee728b)
Start importing Assets/Drones/Course Assets/Models/DroneStand using Guid(179ed9916730a2e48af050b1ff95954c) Importer(815301076,1909f56bfc062723c751e8b465ee728b)  -> (artifact id: '817651c6d677a594496a7b77717c7416') in 0.009335 seconds 
========================================================================
Received Import Request.
  Time since last request: 3.163147 seconds.
  path: Assets/Drones/Course Assets/Models/DroneStand/Stand.FBX
  artifactKey: Guid(f3250b0d171d6b64e907dad582dd80de) Importer(815301076,1909f56bfc062723c751e8b465ee728b)
Start importing Assets/Drones/Course Assets/Models/DroneStand/Stand.FBX using Guid(f3250b0d171d6b64e907dad582dd80de) Importer(815301076,1909f56bfc062723c751e8b465ee728b)  -> (artifact id: '180fc4c4f8f22945fae317a1b14e37c5') in 0.028964 seconds 
========================================================================
Received Import Request.
  Time since last request: 0.872025 seconds.
  path: Assets/Drones/Course Assets/Models/DroneStand/Stand.prefab
  artifactKey: Guid(8b63a37eebd73484d94c27ac00235fad) Importer(815301076,1909f56bfc062723c751e8b465ee728b)
Start importing Assets/Drones/Course Assets/Models/DroneStand/Stand.prefab using Guid(8b63a37eebd73484d94c27ac00235fad) Importer(815301076,1909f56bfc062723c751e8b465ee728b)  -> (artifact id: 'dbbc315b4e7026c59c10bfc22a010fa8') in 0.274419 seconds 
========================================================================
Received Import Request.
  Time since last request: 0.611177 seconds.
  path: Assets/Drones/Course Assets/Models/DroneStand/Stand_Albedo.png
  artifactKey: Guid(142b7698031d8be44b788938cb73b487) Importer(815301076,1909f56bfc062723c751e8b465ee728b)
Start importing Assets/Drones/Course Assets/Models/DroneStand/Stand_Albedo.png using Guid(142b7698031d8be44b788938cb73b487) Importer(815301076,1909f56bfc062723c751e8b465ee728b)  -> (artifact id: '1d64c592ba56511272960a68b0496abf') in 0.027314 seconds 
AssetImportWorkerClient::OnTransportError - code=2 error=End of file
